<?xml version="1.0" encoding="UTF-8"?>
<testng-results skipped="0" failed="0" ignored="0" total="1" passed="1">
  <reporter-output>
  </reporter-output>
  <suite name="Default suite" duration-ms="26767" started-at="2019-09-23T16:14:05 IST" finished-at="2019-09-23T16:14:32 IST">
    <groups>
    </groups>
    <test name="Default test" duration-ms="26767" started-at="2019-09-23T16:14:05 IST" finished-at="2019-09-23T16:14:32 IST">
      <class name="com.newtours.login">
        <test-method status="PASS" signature="login()[pri:0, instance:com.newtours.login@5997b1]" name="login" is-config="true" duration-ms="9829" started-at="2019-09-23T16:14:05 IST" finished-at="2019-09-23T16:14:15 IST">
          <reporter-output>
          </reporter-output>
        </test-method> <!-- login -->
        <test-method status="PASS" signature="lofin2()[pri:0, instance:com.newtours.login@5997b1]" name="lofin2" duration-ms="16825" started-at="2019-09-23T16:14:15 IST" finished-at="2019-09-23T16:14:32 IST">
          <reporter-output>
          </reporter-output>
        </test-method> <!-- lofin2 -->
      </class> <!-- com.newtours.login -->
    </test> <!-- Default test -->
  </suite> <!-- Default suite -->
</testng-results>
